<?xml version="1.0" encoding="UTF-8"?>
<!-- Generated by org.testng.reporters.JUnitReportReporter -->
<testsuite hostname="DESKTOP-B08FA96" failures="0" tests="3" name="Web_Testing.in.letcode.Input_Boxes" time="0.007" errors="1" timestamp="2025-06-14T08:25:25 IST" skipped="1">
  <testcase classname="Web_Testing.in.letcode.Input_Boxes" name="inputBoxesValidations" time="0.001"/>
  <testcase classname="Web_Testing.in.letcode.Input_Boxes" name="homePageLogin" time="0.001">
    <skipped/>
  </testcase> <!-- homePageLogin -->
  <testcase classname="Web_Testing.in.letcode.Input_Boxes" name="chromeLaunch" time="0.005">
    <error message="Cannot invoke &quot;String.equals(Object)&quot; because &quot;browserName&quot; is null" type="java.lang.NullPointerException">
      <![CDATA[java.lang.NullPointerException: Cannot invoke "String.equals(Object)" because "browserName" is null
at a1_Base_Generic_Methods.Base_Practice.browserLaunch(Base_Practice.java:17)
at Web_Testing.in.letcode.Input_Boxes.chromeLaunch(Input_Boxes.java:23)
at java.base/jdk.internal.reflect.DirectMethodHandleAccessor.invoke(DirectMethodHandleAccessor.java:103)
at java.base/java.lang.reflect.Method.invoke(Method.java:580)
at org.testng.internal.invokers.MethodInvocationHelper.invokeMethod(MethodInvocationHelper.java:141)
at org.testng.internal.invokers.TestInvoker.invokeMethod(TestInvoker.java:687)
at org.testng.internal.invokers.TestInvoker.invokeTestMethod(TestInvoker.java:230)
at org.testng.internal.invokers.MethodRunner.runInSequence(MethodRunner.java:63)
at org.testng.internal.invokers.TestInvoker$MethodInvocationAgent.invoke(TestInvoker.java:995)
at org.testng.internal.invokers.TestInvoker.invokeTestMethods(TestInvoker.java:203)
at org.testng.internal.invokers.TestMethodWorker.invokeTestMethods(TestMethodWorker.java:154)
at org.testng.internal.invokers.TestMethodWorker.run(TestMethodWorker.java:134)
at java.base/java.util.concurrent.Executors$RunnableAdapter.call(Executors.java:572)
at java.base/java.util.concurrent.FutureTask.run(FutureTask.java:317)
at org.testng.internal.thread.graph.TestNGFutureTask.run(TestNGFutureTask.java:22)
at java.base/java.util.concurrent.ThreadPoolExecutor.runWorker(ThreadPoolExecutor.java:1144)
at java.base/java.util.concurrent.ThreadPoolExecutor$Worker.run(ThreadPoolExecutor.java:642)
at java.base/java.lang.Thread.run(Thread.java:1583)
]]>
    </error>
  </testcase> <!-- chromeLaunch -->
</testsuite> <!-- Web_Testing.in.letcode.Input_Boxes -->
