<?xml version="1.0" encoding="UTF-8"?>
<!-- Generated by org.testng.reporters.JUnitReportReporter -->
<testsuite hostname="NMSLAP511" failures="0" tests="1" name="trial_Run.WindowHandling" time="60.122" errors="0" timestamp="2025-02-19T18:08:02 IST" skipped="0">
  <testcase classname="trial_Run.WindowHandling" name="handle" time="60.122"/>
</testsuite> <!-- trial_Run.WindowHandling -->
