<?xml version="1.0" encoding="UTF-8"?>
<!-- Generated by org.testng.reporters.JUnitReportReporter -->
<testsuite hostname="NMSLAP511" failures="0" tests="2" name="trial_Run.LinkChecker" time="18.274" errors="0" timestamp="2025-02-19T18:05:51 IST" skipped="1">
  <testcase classname="trial_Run.LinkChecker" name="brokenImageChecker" time="18.274"/>
  <testcase classname="trial_Run.LinkChecker" name="BrokenImageCheck">
    <skipped/>
  </testcase> <!-- BrokenImageCheck -->
</testsuite> <!-- trial_Run.LinkChecker -->
