<?xml version="1.0" encoding="UTF-8"?>
<!-- Generated by org.testng.reporters.JUnitReportReporter -->
<testsuite hostname="NMSLAP511" failures="0" tests="2" name="Web_Testing.in.letcode.MyTestClass" time="0.016" errors="0" timestamp="2025-01-06T14:57:26 IST" skipped="0">
  <testcase classname="Web_Testing.in.letcode.MyTestClass" name="testMethod1" time="0.014"/>
  <testcase classname="Web_Testing.in.letcode.MyTestClass" name="testMethod2" time="0.002"/>
</testsuite> <!-- Web_Testing.in.letcode.MyTestClass -->
