<?xml version="1.0" encoding="UTF-8"?>
<!-- Generated by org.testng.reporters.JUnitReportReporter -->
<testsuite hostname="NMSLAP511" failures="0" tests="3" name="Web_Testing.in.letcode.Input_Boxes" time="34.451" errors="0" timestamp="2025-03-17T14:53:04 IST" skipped="0">
  <testcase classname="Web_Testing.in.letcode.Input_Boxes" name="chromeLaunch" time="16.369"/>
  <testcase classname="Web_Testing.in.letcode.Input_Boxes" name="inputBoxes" time="0.005"/>
  <testcase classname="Web_Testing.in.letcode.Input_Boxes" name="homePageLogin" time="18.077"/>
</testsuite> <!-- Web_Testing.in.letcode.Input_Boxes -->
