<?xml version="1.0" encoding="UTF-8"?>
<!-- Generated by org.testng.reporters.JUnitReportReporter -->
<testsuite hostname="NMSLAP511" failures="0" tests="1" name="Web_Testing.in.letcode.ParallelExecution" time="22.391" errors="0" timestamp="2025-02-18T16:02:46 IST" skipped="0">
  <testcase classname="Web_Testing.in.letcode.ParallelExecution" name="browserLaunch" time="22.391"/>
</testsuite> <!-- Web_Testing.in.letcode.ParallelExecution -->
