<?xml version="1.0" encoding="UTF-8"?>
<!-- Generated by org.testng.reporters.JUnitReportReporter -->
<testsuite hostname="NMSLAP511" failures="0" tests="2" name="Web_Testing.in.letcode.DataProviderTest" time="30.529" errors="0" timestamp="2025-02-18T16:02:46 IST" skipped="1">
  <testcase classname="Web_Testing.in.letcode.DataProviderTest" name="paraCheck" time="30.529"/>
  <testcase classname="Web_Testing.in.letcode.DataProviderTest" name="loginCheck">
    <skipped/>
  </testcase> <!-- loginCheck -->
</testsuite> <!-- Web_Testing.in.letcode.DataProviderTest -->
