<?xml version="1.0" encoding="UTF-8"?>
<!-- Generated by org.testng.reporters.JUnitReportReporter -->
<testsuite hostname="NMSLAP511" failures="0" tests="1" name="Web_Testing.in.letcode.Input_Boxes" time="1.196" errors="0" timestamp="2025-01-06T17:33:26 IST" skipped="0">
  <testcase classname="Web_Testing.in.letcode.Input_Boxes" name="inputBoxes" time="1.196"/>
</testsuite> <!-- Web_Testing.in.letcode.Input_Boxes -->
