<?xml version="1.0" encoding="UTF-8"?>
<!-- Generated by org.testng.reporters.JUnitReportReporter -->
<testsuite hostname="NMSLAP511" failures="0" tests="1" name="trial_Run.Trial" time="43.478" errors="0" timestamp="2025-02-19T12:36:41 IST" skipped="0">
  <testcase classname="trial_Run.Trial" name="BrokenImageCheck" time="43.478"/>
</testsuite> <!-- trial_Run.Trial -->
