<?xml version="1.0" encoding="UTF-8"?>
<!-- Generated by org.testng.reporters.JUnitReportReporter -->
<testsuite hostname="NMSLAP511" failures="0" tests="1" name="Web_Testing.in.letcode.Input_Boxes2" time="7.886" errors="0" timestamp="2025-02-17T12:41:25 IST" skipped="0">
  <testcase classname="Web_Testing.in.letcode.Input_Boxes2" name="inputBoxes" time="7.886"/>
</testsuite> <!-- Web_Testing.in.letcode.Input_Boxes2 -->
