<?xml version="1.0" encoding="UTF-8"?>
<!-- Generated by org.testng.reporters.JUnitReportReporter -->
<testsuite hostname="NMSLAP511" failures="0" tests="1" name="Web_Testing.in.letcode.Frame" time="13.365" errors="0" timestamp="2025-02-19T10:56:44 IST" skipped="0">
  <testcase classname="Web_Testing.in.letcode.Frame" name="iframe" time="13.365"/>
</testsuite> <!-- Web_Testing.in.letcode.Frame -->
