<?xml version="1.0" encoding="UTF-8"?>
<!-- Generated by org.testng.reporters.JUnitReportReporter -->
<testsuite hostname="NMSLAP511" failures="0" tests="1" name="Web_Testing.in.letcode.Input_Boxes" time="0.615" errors="0" timestamp="2025-02-10T17:37:16 IST" skipped="0">
  <testcase classname="Web_Testing.in.letcode.Input_Boxes" name="inputBoxes" time="0.615"/>
</testsuite> <!-- Web_Testing.in.letcode.Input_Boxes -->
