<?xml version="1.0" encoding="UTF-8"?>
<!-- Generated by org.testng.reporters.JUnitReportReporter -->
<testsuite hostname="NMSLAP511" failures="0" tests="2" name="Web_Testing.in.letcode.Input_Boxes" time="6.880" errors="0" timestamp="2025-02-17T12:41:25 IST" skipped="0">
  <testcase classname="Web_Testing.in.letcode.Input_Boxes" name="method2" time="3.348"/>
  <testcase classname="Web_Testing.in.letcode.Input_Boxes" name="inputBoxes" time="3.532"/>
</testsuite> <!-- Web_Testing.in.letcode.Input_Boxes -->
